<?xml version="1.0" encoding="UTF-8"?>
<!-- Generated by org.testng.reporters.JUnitXMLReporter -->
<testsuite ignored="4" hostname="MTLP-1003" failures="1" tests="7" name="Test" time="126.037" errors="0" timestamp="2024-03-17T22:07:37 IST">
  <testcase classname="com.mystore.testcases.LoginPageTest" name="login" time="4.023"/>
  <testcase classname="com.mystore.testcases.IndexPageTest" name="validateTitle" time="0.003">
    <failure type="java.lang.NullPointerException" message="Cannot invoke &amp;quot;com.mystore.pageobjects.IndexPage.getTitlee()&amp;quot; because &amp;quot;this.ip&amp;quot; is null">
      <![CDATA[java.lang.NullPointerException: Cannot invoke "com.mystore.pageobjects.IndexPage.getTitlee()" because "this.ip" is null
at com.mystore.testcases.IndexPageTest.validateTitle(IndexPageTest.java:41)
at java.base/java.util.ArrayList.forEach(ArrayList.java:1511)
... Removed 27 stack frames]]>
    </failure>
  </testcase> <!-- validateTitle -->
  <testcase classname="com.mystore.testcases.IndexPageTest" name="veriyLogo" time="0.041"/>
  <testcase classname="com.mystore.testcases.AccountCreationPageTest" name="validateAccountCreatePage" time="4.48"/>
  <testcase classname="com.mystore.testcases.HomePageTest" name="validateMyFirstAddress" time="3.508"/>
  <testcase classname="com.mystore.testcases.HomePageTest" name="validateOrderHistoryDetails" time="2.887"/>
  <testcase classname="com.mystore.testcases.SearchResultsPageTest" name="validateProfuctAvailable" time="1.411"/>
  <testcase classname="com.mystore.base.BaseClass" name="@BeforeTest loadProperties" time="0.0">
    <ignored/>
  </testcase> <!-- @BeforeTest loadProperties -->
  <testcase classname="com.mystore.base.BaseClass" name="@BeforeTest loadProperties" time="0.0">
    <ignored/>
  </testcase> <!-- @BeforeTest loadProperties -->
  <testcase classname="com.mystore.base.BaseClass" name="@BeforeTest loadProperties" time="0.0">
    <ignored/>
  </testcase> <!-- @BeforeTest loadProperties -->
  <testcase classname="com.mystore.base.BaseClass" name="@BeforeTest loadProperties" time="0.0">
    <ignored/>
  </testcase> <!-- @BeforeTest loadProperties -->
</testsuite> <!-- Test -->
